#                                                                            --- full sequence --- -------------- this domain -------------   hmm coord   ali coord   env coord
# target name        accession   tlen query name           accession   qlen   E-value  score  bias   #  of  c-Evalue  i-Evalue  score  bias  from    to  from    to  from    to  acc description of target
#------------------- ---------- ----- -------------------- ---------- ----- --------- ------ ----- --- --- --------- --------- ------ ----- ----- ----- ----- ----- ----- ----- ---- ---------------------
PHYGONAP_014471-T1   -            321 phy_crinklers        -             54   1.8e-21   77.0   0.0   1   1   1.9e-24   3.8e-21   75.9   0.0     1    54     1    53     1    53 0.99 PHYGONAP_014471
PHYGONAP_011502-T1   -            268 phy_crinklers        -             54   5.2e-21   75.5   0.1   1   1   4.2e-24   8.4e-21   74.8   0.1     1    54     1    67     1    67 0.99 PHYGONAP_011502
PHYGONAP_021819-T1   -            321 phy_crinklers        -             54     5e-20   72.3   0.0   1   1     5e-23   9.9e-20   71.4   0.0     1    54     1    53     1    53 0.99 PHYGONAP_021819
PHYGONAP_009411-T1   -            181 phy_crinklers        -             54     1e-19   71.3   0.0   1   1   8.9e-23   1.8e-19   70.6   0.0     1    54     1    59     1    59 0.99 PHYGONAP_009411
PHYGONAP_008768-T1   -            174 phy_crinklers        -             54   1.6e-19   70.7   0.0   1   1   1.2e-22   2.5e-19   70.1   0.0     1    54     1    52     1    52 0.99 PHYGONAP_008768
PHYGONAP_009040-T1   -            141 phy_crinklers        -             54   5.9e-19   68.9   0.0   1   1   4.8e-22   9.5e-19   68.2   0.0     1    54     1    52     1    52 0.99 PHYGONAP_009040
PHYGONAP_010549-T1   -            285 phy_crinklers        -             54   8.7e-19   68.3   0.0   1   1   9.3e-22   1.9e-18   67.3   0.0     1    54     1    53     1    53 0.99 PHYGONAP_010549
PHYGONAP_003667-T1   -            341 phy_crinklers        -             54   3.4e-18   66.4   0.1   1   1   2.8e-21   5.6e-18   65.8   0.1     1    54    74   140    74   140 0.99 PHYGONAP_003667
PHYGONAP_009769-T1   -            816 phy_crinklers        -             54   1.3e-17   64.6   0.1   1   1   1.2e-20   2.4e-17   63.7   0.1     1    54   546   612   546   612 0.99 PHYGONAP_009769
PHYGONAP_021537-T1   -            545 phy_crinklers        -             54   5.9e-17   62.5   0.1   1   1   5.5e-20   1.1e-16   61.6   0.1     1    54   278   344   278   344 0.99 PHYGONAP_021537
PHYGONAP_000074-T1   -            120 phy_crinklers        -             54   2.1e-16   60.7   0.1   1   1   2.1e-19   4.1e-16   59.8   0.1     2    54     4    56     3    56 0.98 PHYGONAP_000074
PHYGONAP_018575-T1   -            739 phy_crinklers        -             54   2.2e-15   57.5   0.1   1   1   2.1e-18   4.2e-15   56.6   0.1     1    54   473   539   473   539 0.98 PHYGONAP_018575
#
# Program:         hmmsearch
# Version:         3.2.1 (June 2018)
# Pipeline mode:   SEARCH
# Query file:      crinkler.hmm
# Target file:     pgona.v1_Phygonap.proteins.fa
# Option settings: hmmsearch --domtblout Pgona_hmm.out -E 1e-10 crinkler.hmm pgona.v1_Phygonap.proteins.fa 
# Current dir:     /storage/home/users/pjt6/crinkler
# Date:            Mon Aug 24 10:29:05 2020
# [ok]
